{"level":"info","message":"🎬 Running single automation job...","service":"cron-scheduler","timestamp":"2025-07-08T16:29:51.594Z"}
{"level":"info","message":"🔄 Attempt 1/3 - Starting automation","service":"cron-scheduler","timestamp":"2025-07-08T16:29:51.596Z"}
{"level":"error","message":"❌ Attempt 1/3 failed: The request metadata specifies an invalid or empty video title.","service":"cron-scheduler","stack":"Error: The request metadata specifies an invalid or empty video title.\n    at runAutomationWithRetry (file:///Users/omarsaouri/Coding/youtube-automation-app/src/cronScheduler.js:103:23)\n    at process.processTicksAndRejections (node:internal/process/task_queues:105:5)\n    at async main (file:///Users/omarsaouri/Coding/youtube-automation-app/src/cronScheduler.js:257:32)","timestamp":"2025-07-08T16:32:45.952Z"}
{"level":"info","message":"⏳ Waiting 1000ms before retry...","service":"cron-scheduler","timestamp":"2025-07-08T16:32:45.953Z"}
{"level":"info","message":"🔄 Attempt 2/3 - Starting automation","service":"cron-scheduler","timestamp":"2025-07-08T16:32:46.954Z"}
{"level":"info","message":"🎬 Running single automation job...","service":"cron-scheduler","timestamp":"2025-07-08T16:36:48.571Z"}
{"level":"info","message":"🔄 Attempt 1/3 - Starting automation","service":"cron-scheduler","timestamp":"2025-07-08T16:36:48.573Z"}
{"duration":175355,"level":"info","message":"✅ Automation completed successfully on attempt 1","service":"cron-scheduler","timestamp":"2025-07-08T16:39:43.931Z","title":"حلم التغييرالقصة: في قرية صغيرة تقع بين الجبال، كان هناك شاب يُدعى يوسف. كان يوسف معروفًا بذكائه ...","videoId":"LgaPKUlaHiQ"}
{"0":"0 6 * * *","1":"0 10 * * *","2":"0 14 * * *","3":"0 18 * * *","4":"0 22 * * *","5":"0 2 * * *","level":"info","message":"📅 Scheduling 6 cron jobs:","service":"cron-scheduler","timestamp":"2025-07-08T16:53:29.891Z"}
{"level":"info","message":"✅ Scheduled job video-1 with cron: 0 6 * * *","service":"cron-scheduler","timestamp":"2025-07-08T16:53:29.921Z"}
{"level":"info","message":"✅ Scheduled job video-2 with cron: 0 10 * * *","service":"cron-scheduler","timestamp":"2025-07-08T16:53:29.921Z"}
{"level":"info","message":"✅ Scheduled job video-3 with cron: 0 14 * * *","service":"cron-scheduler","timestamp":"2025-07-08T16:53:29.922Z"}
{"level":"info","message":"✅ Scheduled job video-4 with cron: 0 18 * * *","service":"cron-scheduler","timestamp":"2025-07-08T16:53:29.923Z"}
{"level":"info","message":"✅ Scheduled job video-5 with cron: 0 22 * * *","service":"cron-scheduler","timestamp":"2025-07-08T16:53:29.923Z"}
{"level":"info","message":"✅ Scheduled job video-6 with cron: 0 2 * * *","service":"cron-scheduler","timestamp":"2025-07-08T16:53:29.923Z"}
{"0":"0 6 * * *","1":"0 10 * * *","2":"0 14 * * *","3":"0 18 * * *","4":"0 22 * * *","5":"0 2 * * *","level":"info","message":"📅 Scheduling 6 cron jobs:","service":"cron-scheduler","timestamp":"2025-07-08T17:05:55.098Z"}
{"level":"info","message":"✅ Scheduled job video-1 with cron: 0 6 * * *","service":"cron-scheduler","timestamp":"2025-07-08T17:05:55.111Z"}
{"level":"info","message":"✅ Scheduled job video-2 with cron: 0 10 * * *","service":"cron-scheduler","timestamp":"2025-07-08T17:05:55.112Z"}
{"level":"info","message":"✅ Scheduled job video-3 with cron: 0 14 * * *","service":"cron-scheduler","timestamp":"2025-07-08T17:05:55.112Z"}
{"level":"info","message":"✅ Scheduled job video-4 with cron: 0 18 * * *","service":"cron-scheduler","timestamp":"2025-07-08T17:05:55.113Z"}
{"level":"info","message":"✅ Scheduled job video-5 with cron: 0 22 * * *","service":"cron-scheduler","timestamp":"2025-07-08T17:05:55.113Z"}
{"level":"info","message":"✅ Scheduled job video-6 with cron: 0 2 * * *","service":"cron-scheduler","timestamp":"2025-07-08T17:05:55.113Z"}
{"0":"0 6 * * *","1":"0 10 * * *","2":"0 14 * * *","3":"0 18 * * *","4":"0 22 * * *","5":"0 2 * * *","level":"info","message":"📅 Scheduling 6 cron jobs:","service":"cron-scheduler","timestamp":"2025-07-09T19:04:11.732Z"}
{"level":"info","message":"✅ Scheduled job video-1 with cron: 0 6 * * *","service":"cron-scheduler","timestamp":"2025-07-09T19:04:11.757Z"}
{"level":"info","message":"✅ Scheduled job video-2 with cron: 0 10 * * *","service":"cron-scheduler","timestamp":"2025-07-09T19:04:11.757Z"}
{"level":"info","message":"✅ Scheduled job video-3 with cron: 0 14 * * *","service":"cron-scheduler","timestamp":"2025-07-09T19:04:11.758Z"}
{"level":"info","message":"✅ Scheduled job video-4 with cron: 0 18 * * *","service":"cron-scheduler","timestamp":"2025-07-09T19:04:11.758Z"}
{"level":"info","message":"✅ Scheduled job video-5 with cron: 0 22 * * *","service":"cron-scheduler","timestamp":"2025-07-09T19:04:11.758Z"}
{"level":"info","message":"✅ Scheduled job video-6 with cron: 0 2 * * *","service":"cron-scheduler","timestamp":"2025-07-09T19:04:11.759Z"}
{"level":"info","message":"🎬 Running single automation job...","service":"cron-scheduler","timestamp":"2025-07-09T19:04:42.692Z"}
{"level":"info","message":"🔄 Attempt 1/3 - Starting automation","service":"cron-scheduler","timestamp":"2025-07-09T19:04:42.694Z"}
{"duration":148867,"level":"info","message":"✅ Automation completed successfully on attempt 1","service":"cron-scheduler","timestamp":"2025-07-09T19:07:11.564Z","title":"سر الغابة القديمة","videoId":"UUOpcFadCXY"}
{"0":"0 6 * * *","1":"0 10 * * *","2":"0 14 * * *","3":"0 18 * * *","4":"0 22 * * *","5":"0 2 * * *","level":"info","message":"📅 Scheduling 6 cron jobs:","service":"cron-scheduler","timestamp":"2025-07-11T11:42:02.883Z"}
{"level":"info","message":"✅ Scheduled job video-1 with cron: 0 6 * * *","service":"cron-scheduler","timestamp":"2025-07-11T11:42:02.919Z"}
{"level":"info","message":"✅ Scheduled job video-2 with cron: 0 10 * * *","service":"cron-scheduler","timestamp":"2025-07-11T11:42:02.919Z"}
{"level":"info","message":"✅ Scheduled job video-3 with cron: 0 14 * * *","service":"cron-scheduler","timestamp":"2025-07-11T11:42:02.920Z"}
{"level":"info","message":"✅ Scheduled job video-4 with cron: 0 18 * * *","service":"cron-scheduler","timestamp":"2025-07-11T11:42:02.920Z"}
{"level":"info","message":"✅ Scheduled job video-5 with cron: 0 22 * * *","service":"cron-scheduler","timestamp":"2025-07-11T11:42:02.921Z"}
{"level":"info","message":"✅ Scheduled job video-6 with cron: 0 2 * * *","service":"cron-scheduler","timestamp":"2025-07-11T11:42:02.921Z"}
{"0":"0 6 * * *","1":"0 10 * * *","2":"0 14 * * *","3":"0 18 * * *","4":"0 22 * * *","5":"0 2 * * *","level":"info","message":"📅 Scheduling 6 cron jobs:","service":"cron-scheduler","timestamp":"2025-07-11T11:48:24.151Z"}
{"level":"info","message":"✅ Scheduled job video-1 with cron: 0 6 * * *","service":"cron-scheduler","timestamp":"2025-07-11T11:48:24.165Z"}
{"level":"info","message":"✅ Scheduled job video-2 with cron: 0 10 * * *","service":"cron-scheduler","timestamp":"2025-07-11T11:48:24.166Z"}
{"level":"info","message":"✅ Scheduled job video-3 with cron: 0 14 * * *","service":"cron-scheduler","timestamp":"2025-07-11T11:48:24.166Z"}
{"level":"info","message":"✅ Scheduled job video-4 with cron: 0 18 * * *","service":"cron-scheduler","timestamp":"2025-07-11T11:48:24.166Z"}
{"level":"info","message":"✅ Scheduled job video-5 with cron: 0 22 * * *","service":"cron-scheduler","timestamp":"2025-07-11T11:48:24.166Z"}
{"level":"info","message":"✅ Scheduled job video-6 with cron: 0 2 * * *","service":"cron-scheduler","timestamp":"2025-07-11T11:48:24.167Z"}
{"0":"0 6 * * *","1":"0 10 * * *","2":"0 14 * * *","3":"0 18 * * *","4":"0 22 * * *","5":"0 2 * * *","level":"info","message":"📅 Scheduling 6 cron jobs:","service":"cron-scheduler","timestamp":"2025-07-11T11:53:40.373Z"}
{"level":"info","message":"✅ Scheduled job video-1 with cron: 0 6 * * *","service":"cron-scheduler","timestamp":"2025-07-11T11:53:40.386Z"}
{"level":"info","message":"✅ Scheduled job video-2 with cron: 0 10 * * *","service":"cron-scheduler","timestamp":"2025-07-11T11:53:40.386Z"}
{"level":"info","message":"✅ Scheduled job video-3 with cron: 0 14 * * *","service":"cron-scheduler","timestamp":"2025-07-11T11:53:40.387Z"}
{"level":"info","message":"✅ Scheduled job video-4 with cron: 0 18 * * *","service":"cron-scheduler","timestamp":"2025-07-11T11:53:40.387Z"}
{"level":"info","message":"✅ Scheduled job video-5 with cron: 0 22 * * *","service":"cron-scheduler","timestamp":"2025-07-11T11:53:40.388Z"}
{"level":"info","message":"✅ Scheduled job video-6 with cron: 0 2 * * *","service":"cron-scheduler","timestamp":"2025-07-11T11:53:40.388Z"}
{"0":"0 6 * * *","1":"0 10 * * *","2":"0 14 * * *","3":"0 18 * * *","4":"0 22 * * *","5":"0 2 * * *","level":"info","message":"📅 Scheduling 6 cron jobs:","service":"cron-scheduler","timestamp":"2025-07-11T12:15:28.218Z"}
{"level":"info","message":"✅ Scheduled job video-1 with cron: 0 6 * * *","service":"cron-scheduler","timestamp":"2025-07-11T12:15:28.231Z"}
{"level":"info","message":"✅ Scheduled job video-2 with cron: 0 10 * * *","service":"cron-scheduler","timestamp":"2025-07-11T12:15:28.231Z"}
{"level":"info","message":"✅ Scheduled job video-3 with cron: 0 14 * * *","service":"cron-scheduler","timestamp":"2025-07-11T12:15:28.232Z"}
{"level":"info","message":"✅ Scheduled job video-4 with cron: 0 18 * * *","service":"cron-scheduler","timestamp":"2025-07-11T12:15:28.232Z"}
{"level":"info","message":"✅ Scheduled job video-5 with cron: 0 22 * * *","service":"cron-scheduler","timestamp":"2025-07-11T12:15:28.232Z"}
{"level":"info","message":"✅ Scheduled job video-6 with cron: 0 2 * * *","service":"cron-scheduler","timestamp":"2025-07-11T12:15:28.233Z"}
{"0":"0 6 * * *","1":"0 10 * * *","2":"0 14 * * *","3":"0 18 * * *","4":"0 22 * * *","5":"0 2 * * *","level":"info","message":"📅 Scheduling 6 cron jobs:","service":"cron-scheduler","timestamp":"2025-07-11T12:15:52.256Z"}
{"level":"info","message":"✅ Scheduled job video-1 with cron: 0 6 * * *","service":"cron-scheduler","timestamp":"2025-07-11T12:15:52.270Z"}
{"level":"info","message":"✅ Scheduled job video-2 with cron: 0 10 * * *","service":"cron-scheduler","timestamp":"2025-07-11T12:15:52.270Z"}
{"level":"info","message":"✅ Scheduled job video-3 with cron: 0 14 * * *","service":"cron-scheduler","timestamp":"2025-07-11T12:15:52.271Z"}
{"level":"info","message":"✅ Scheduled job video-4 with cron: 0 18 * * *","service":"cron-scheduler","timestamp":"2025-07-11T12:15:52.271Z"}
{"level":"info","message":"✅ Scheduled job video-5 with cron: 0 22 * * *","service":"cron-scheduler","timestamp":"2025-07-11T12:15:52.272Z"}
{"level":"info","message":"✅ Scheduled job video-6 with cron: 0 2 * * *","service":"cron-scheduler","timestamp":"2025-07-11T12:15:52.272Z"}
{"0":"0 6 * * *","1":"0 10 * * *","2":"0 14 * * *","3":"0 18 * * *","4":"0 22 * * *","5":"0 2 * * *","level":"info","message":"📅 Scheduling 6 cron jobs:","service":"cron-scheduler","timestamp":"2025-07-11T23:55:35.960Z"}
{"level":"info","message":"✅ Scheduled job video-1 with cron: 0 6 * * *","service":"cron-scheduler","timestamp":"2025-07-11T23:55:35.974Z"}
{"level":"info","message":"✅ Scheduled job video-2 with cron: 0 10 * * *","service":"cron-scheduler","timestamp":"2025-07-11T23:55:35.974Z"}
{"level":"info","message":"✅ Scheduled job video-3 with cron: 0 14 * * *","service":"cron-scheduler","timestamp":"2025-07-11T23:55:35.975Z"}
{"level":"info","message":"✅ Scheduled job video-4 with cron: 0 18 * * *","service":"cron-scheduler","timestamp":"2025-07-11T23:55:35.975Z"}
{"level":"info","message":"✅ Scheduled job video-5 with cron: 0 22 * * *","service":"cron-scheduler","timestamp":"2025-07-11T23:55:35.975Z"}
{"level":"info","message":"✅ Scheduled job video-6 with cron: 0 2 * * *","service":"cron-scheduler","timestamp":"2025-07-11T23:55:35.976Z"}
{"0":"0 6 * * *","1":"0 10 * * *","2":"0 14 * * *","3":"0 18 * * *","4":"0 22 * * *","5":"0 2 * * *","level":"info","message":"📅 Scheduling 6 cron jobs:","service":"cron-scheduler","timestamp":"2025-07-11T23:56:10.612Z"}
{"level":"info","message":"✅ Scheduled job video-1 with cron: 0 6 * * *","service":"cron-scheduler","timestamp":"2025-07-11T23:56:10.626Z"}
{"level":"info","message":"✅ Scheduled job video-2 with cron: 0 10 * * *","service":"cron-scheduler","timestamp":"2025-07-11T23:56:10.626Z"}
{"level":"info","message":"✅ Scheduled job video-3 with cron: 0 14 * * *","service":"cron-scheduler","timestamp":"2025-07-11T23:56:10.627Z"}
{"level":"info","message":"✅ Scheduled job video-4 with cron: 0 18 * * *","service":"cron-scheduler","timestamp":"2025-07-11T23:56:10.627Z"}
{"level":"info","message":"✅ Scheduled job video-5 with cron: 0 22 * * *","service":"cron-scheduler","timestamp":"2025-07-11T23:56:10.627Z"}
{"level":"info","message":"✅ Scheduled job video-6 with cron: 0 2 * * *","service":"cron-scheduler","timestamp":"2025-07-11T23:56:10.627Z"}
{"0":"0 6 * * *","1":"0 10 * * *","2":"0 14 * * *","3":"0 18 * * *","4":"0 22 * * *","5":"0 2 * * *","level":"info","message":"📅 Scheduling 6 cron jobs:","service":"cron-scheduler","timestamp":"2025-07-11T23:56:52.840Z"}
{"level":"info","message":"✅ Scheduled job video-1 with cron: 0 6 * * *","service":"cron-scheduler","timestamp":"2025-07-11T23:56:52.924Z"}
{"level":"info","message":"✅ Scheduled job video-2 with cron: 0 10 * * *","service":"cron-scheduler","timestamp":"2025-07-11T23:56:52.925Z"}
{"level":"info","message":"✅ Scheduled job video-3 with cron: 0 14 * * *","service":"cron-scheduler","timestamp":"2025-07-11T23:56:52.925Z"}
{"level":"info","message":"✅ Scheduled job video-4 with cron: 0 18 * * *","service":"cron-scheduler","timestamp":"2025-07-11T23:56:52.926Z"}
{"level":"info","message":"✅ Scheduled job video-5 with cron: 0 22 * * *","service":"cron-scheduler","timestamp":"2025-07-11T23:56:52.926Z"}
{"level":"info","message":"✅ Scheduled job video-6 with cron: 0 2 * * *","service":"cron-scheduler","timestamp":"2025-07-11T23:56:52.927Z"}
{"0":"0 6 * * *","1":"0 10 * * *","2":"0 14 * * *","3":"0 18 * * *","4":"0 22 * * *","5":"0 2 * * *","level":"info","message":"📅 Scheduling 6 cron jobs:","service":"cron-scheduler","timestamp":"2025-07-11T23:57:15.943Z"}
{"level":"info","message":"✅ Scheduled job video-1 with cron: 0 6 * * *","service":"cron-scheduler","timestamp":"2025-07-11T23:57:15.956Z"}
{"level":"info","message":"✅ Scheduled job video-2 with cron: 0 10 * * *","service":"cron-scheduler","timestamp":"2025-07-11T23:57:15.957Z"}
{"level":"info","message":"✅ Scheduled job video-3 with cron: 0 14 * * *","service":"cron-scheduler","timestamp":"2025-07-11T23:57:15.958Z"}
{"level":"info","message":"✅ Scheduled job video-4 with cron: 0 18 * * *","service":"cron-scheduler","timestamp":"2025-07-11T23:57:15.958Z"}
{"level":"info","message":"✅ Scheduled job video-5 with cron: 0 22 * * *","service":"cron-scheduler","timestamp":"2025-07-11T23:57:15.959Z"}
{"level":"info","message":"✅ Scheduled job video-6 with cron: 0 2 * * *","service":"cron-scheduler","timestamp":"2025-07-11T23:57:15.959Z"}
{"0":"0 6 * * *","1":"0 10 * * *","2":"0 14 * * *","3":"0 18 * * *","4":"0 22 * * *","5":"0 2 * * *","level":"info","message":"📅 Scheduling 6 cron jobs:","service":"cron-scheduler","timestamp":"2025-07-11T23:57:40.049Z"}
{"level":"info","message":"✅ Scheduled job video-1 with cron: 0 6 * * *","service":"cron-scheduler","timestamp":"2025-07-11T23:57:40.063Z"}
{"level":"info","message":"✅ Scheduled job video-2 with cron: 0 10 * * *","service":"cron-scheduler","timestamp":"2025-07-11T23:57:40.063Z"}
{"level":"info","message":"✅ Scheduled job video-3 with cron: 0 14 * * *","service":"cron-scheduler","timestamp":"2025-07-11T23:57:40.064Z"}
{"level":"info","message":"✅ Scheduled job video-4 with cron: 0 18 * * *","service":"cron-scheduler","timestamp":"2025-07-11T23:57:40.064Z"}
{"level":"info","message":"✅ Scheduled job video-5 with cron: 0 22 * * *","service":"cron-scheduler","timestamp":"2025-07-11T23:57:40.064Z"}
{"level":"info","message":"✅ Scheduled job video-6 with cron: 0 2 * * *","service":"cron-scheduler","timestamp":"2025-07-11T23:57:40.065Z"}
{"0":"0 6 * * *","1":"0 10 * * *","2":"0 14 * * *","3":"0 18 * * *","4":"0 22 * * *","5":"0 2 * * *","level":"info","message":"📅 Scheduling 6 cron jobs:","service":"cron-scheduler","timestamp":"2025-07-11T23:57:54.611Z"}
{"level":"info","message":"✅ Scheduled job video-1 with cron: 0 6 * * *","service":"cron-scheduler","timestamp":"2025-07-11T23:57:54.624Z"}
{"level":"info","message":"✅ Scheduled job video-2 with cron: 0 10 * * *","service":"cron-scheduler","timestamp":"2025-07-11T23:57:54.625Z"}
{"level":"info","message":"✅ Scheduled job video-3 with cron: 0 14 * * *","service":"cron-scheduler","timestamp":"2025-07-11T23:57:54.625Z"}
{"level":"info","message":"✅ Scheduled job video-4 with cron: 0 18 * * *","service":"cron-scheduler","timestamp":"2025-07-11T23:57:54.626Z"}
{"level":"info","message":"✅ Scheduled job video-5 with cron: 0 22 * * *","service":"cron-scheduler","timestamp":"2025-07-11T23:57:54.626Z"}
{"level":"info","message":"✅ Scheduled job video-6 with cron: 0 2 * * *","service":"cron-scheduler","timestamp":"2025-07-11T23:57:54.626Z"}
{"0":"0 6 * * *","1":"0 10 * * *","2":"0 14 * * *","3":"0 18 * * *","4":"0 22 * * *","5":"0 2 * * *","level":"info","message":"📅 Scheduling 6 cron jobs:","service":"cron-scheduler","timestamp":"2025-07-11T23:59:24.084Z"}
{"level":"info","message":"✅ Scheduled job video-1 with cron: 0 6 * * *","service":"cron-scheduler","timestamp":"2025-07-11T23:59:24.119Z"}
{"level":"info","message":"✅ Scheduled job video-2 with cron: 0 10 * * *","service":"cron-scheduler","timestamp":"2025-07-11T23:59:24.120Z"}
{"level":"info","message":"✅ Scheduled job video-3 with cron: 0 14 * * *","service":"cron-scheduler","timestamp":"2025-07-11T23:59:24.120Z"}
{"level":"info","message":"✅ Scheduled job video-4 with cron: 0 18 * * *","service":"cron-scheduler","timestamp":"2025-07-11T23:59:24.120Z"}
{"level":"info","message":"✅ Scheduled job video-5 with cron: 0 22 * * *","service":"cron-scheduler","timestamp":"2025-07-11T23:59:24.121Z"}
{"level":"info","message":"✅ Scheduled job video-6 with cron: 0 2 * * *","service":"cron-scheduler","timestamp":"2025-07-11T23:59:24.121Z"}
{"0":"0 6 * * *","1":"0 10 * * *","2":"0 14 * * *","3":"0 18 * * *","4":"0 22 * * *","5":"0 2 * * *","level":"info","message":"📅 Scheduling 6 cron jobs:","service":"cron-scheduler","timestamp":"2025-07-12T00:02:39.177Z"}
{"level":"info","message":"✅ Scheduled job video-1 with cron: 0 6 * * *","service":"cron-scheduler","timestamp":"2025-07-12T00:02:39.204Z"}
{"level":"info","message":"✅ Scheduled job video-2 with cron: 0 10 * * *","service":"cron-scheduler","timestamp":"2025-07-12T00:02:39.205Z"}
{"level":"info","message":"✅ Scheduled job video-3 with cron: 0 14 * * *","service":"cron-scheduler","timestamp":"2025-07-12T00:02:39.205Z"}
{"level":"info","message":"✅ Scheduled job video-4 with cron: 0 18 * * *","service":"cron-scheduler","timestamp":"2025-07-12T00:02:39.206Z"}
{"level":"info","message":"✅ Scheduled job video-5 with cron: 0 22 * * *","service":"cron-scheduler","timestamp":"2025-07-12T00:02:39.206Z"}
{"level":"info","message":"✅ Scheduled job video-6 with cron: 0 2 * * *","service":"cron-scheduler","timestamp":"2025-07-12T00:02:39.206Z"}
